-------------------------------------------------------------------------------
Test set: com.sdproject.app.databasetest.DummyDatabaseTest
-------------------------------------------------------------------------------
Tests run: 6, Failures: 0, Errors: 1, Skipped: 0, Time elapsed: 0.001 s <<< FAILURE! - in com.sdproject.app.databasetest.DummyDatabaseTest
testModifyUser  Time elapsed: 0 s  <<< ERROR!
java.lang.IndexOutOfBoundsException: Index 0 out of bounds for length 0
	at com.sdproject.app.databasetest.DummyDatabaseTest.testModifyUser(DummyDatabaseTest.java:71)

