-------------------------------------------------------------------------------
Test set: com.sdproject.app.databasetest.DummyDatabaseTest
-------------------------------------------------------------------------------
Tests run: 7, Failures: 0, Errors: 1, Skipped: 0, Time elapsed: 0.003 s <<< FAILURE! - in com.sdproject.app.databasetest.DummyDatabaseTest
testInsertTaskWithSubtasks  Time elapsed: 0.001 s  <<< ERROR!
java.lang.NullPointerException
	at com.sdproject.app.databasetest.DummyDatabaseTest.testInsertTaskWithSubtasks(DummyDatabaseTest.java:86)

